<?xml version="1.0" encoding="UTF-8"?>
<!-- Generated by org.testng.reporters.JUnitXMLReporter -->
<testsuite ignored="0" hostname="Divya-PC" failures="0" tests="4" name="Test" time="2.001" errors="0" timestamp="2020-07-16T19:33:38 IST">
  <testcase classname="gitJenkin.StringReverse" name="stringReverse" time="1.463"/>
  <testcase classname="gitJenkin.FibonacciSeries" name="fiboevaluation" time="0.247"/>
  <testcase classname="gitJenkin.CountWordsHashMap" name="countWordsHashMap" time="0.16"/>
  <testcase classname="gitJenkin.IterateWhile" name="iteratorWhile" time="0.023"/>
</testsuite> <!-- Test -->
